<?xml version="1.0" encoding="UTF-8"?>
<!-- Generated by org.testng.reporters.JUnitReportReporter -->
<testsuite hostname="Deepali" failures="0" tests="2" name="API_Test.CreatePet" time="4.967" errors="0" timestamp="2024-07-26T17:02:57 IST" skipped="0">
  <testcase classname="API_Test.CreatePet" name="testAPIPositive" time="3.716"/>
  <system-out/>
  <testcase classname="API_Test.CreatePet" name="testNegative" time="1.251"/>
  <system-out/>
</testsuite> <!-- API_Test.CreatePet -->
