<?xml version="1.0" encoding="UTF-8"?>
<!-- Generated by org.testng.reporters.JUnitReportReporter -->
<testsuite hostname="Deepali" failures="0" tests="1" name="TestPackage.TestHomePage" time="2.013" errors="0" timestamp="2024-07-26T11:42:03 IST" skipped="0">
  <testcase classname="TestPackage.TestHomePage" name="LoginTest" time="2.013"/>
  <system-out/>
</testsuite> <!-- TestPackage.TestHomePage -->
