<?xml version="1.0" encoding="UTF-8"?>
<!-- Generated by org.testng.reporters.JUnitReportReporter -->
<testsuite hostname="Deepali" failures="0" tests="2" name="UITestPackage.TestHomePage" time="0.428" errors="0" timestamp="2024-07-26T16:59:21 IST" skipped="0">
  <testcase classname="UITestPackage.TestHomePage" name="verifyPageTitleTest" time="0.044"/>
  <system-out/>
  <testcase classname="UITestPackage.TestHomePage" name="VerifyHeaderTest" time="0.384"/>
  <system-out/>
</testsuite> <!-- UITestPackage.TestHomePage -->
