<?xml version="1.0" encoding="UTF-8"?>
<!-- Generated by org.testng.reporters.JUnitReportReporter -->
<testsuite hostname="LAPTOP-FPEA0DI2" failures="0" tests="1" name="TestHomePage" time="0.009" errors="0" timestamp="2024-07-25T16:24:52 IST" skipped="0">
  <testcase classname="TestHomePage" name="LoginTest" time="0.009"/>
  <system-out/>
</testsuite> <!-- TestHomePage -->
